2026-01-03 09:45:25 [patient-service] [32minfo[39m: [32mConnected to MongoDB successfully to mongodb://localhost:27017/patient_db[39m
2026-01-03 09:45:25 [patient-service] [32minfo[39m: [32mKafka Producer connected[39m
2026-01-03 09:45:25 [patient-service] [32minfo[39m: [32mpatient service running on port 3002[39m
2026-01-03 09:45:25 [patient-service] [32minfo[39m: [32mEnvironment: development[39m
2026-01-03 09:45:25 [patient-service] [32minfo[39m: [32mKafka: localhost:9092[39m
2026-01-03 09:46:23 [patient-service] [32minfo[39m: [32mConnected to MongoDB successfully to mongodb://localhost:27017/patient_service_db[39m
2026-01-03 09:46:23 [patient-service] [32minfo[39m: [32mKafka Producer connected[39m
2026-01-03 09:46:23 [patient-service] [32minfo[39m: [32mpatient service running on port 3002[39m
2026-01-03 09:46:23 [patient-service] [32minfo[39m: [32mEnvironment: development[39m
2026-01-03 09:46:23 [patient-service] [32minfo[39m: [32mKafka: localhost:9092[39m
2026-01-03 09:47:23 [patient-service] [32minfo[39m: [32mConnected to MongoDB successfully to mongodb://localhost:27017/patient_service_db[39m
2026-01-03 09:47:23 [patient-service] [32minfo[39m: [32mKafka Producer connected[39m
2026-01-03 09:47:23 [patient-service] [32minfo[39m: [32mpatient service running on port 3002[39m
2026-01-03 09:47:23 [patient-service] [32minfo[39m: [32mEnvironment: development[39m
2026-01-03 09:47:23 [patient-service] [32minfo[39m: [32mKafka: localhost:9092[39m
2026-01-03 09:48:18 [patient-service] [32minfo[39m: [32mPatient created: 6958988ad2cc9ac1b4b7d4ce (deepak@gmail.com)[39m
2026-01-03 09:48:19 [patient-service] [32minfo[39m: [32mEvent published: PATIENT_CREATED for patientId: 6958988ad2cc9ac1b4b7d4ce[39m
2026-01-03 09:57:22 [patient-service] [32minfo[39m: [32mConnected to MongoDB successfully to mongodb://localhost:27017/patient_service_db[39m
2026-01-03 09:57:22 [patient-service] [32minfo[39m: [32mKafka Producer connected[39m
2026-01-03 09:57:22 [patient-service] [32minfo[39m: [32mpatient service running on port 3002[39m
2026-01-03 09:57:22 [patient-service] [32minfo[39m: [32mEnvironment: development[39m
2026-01-03 09:57:22 [patient-service] [32minfo[39m: [32mKafka: localhost:9092[39m
2026-01-03 10:02:19 [patient-service] [32minfo[39m: [32mPatient deleted (inactivated): 6958988ad2cc9ac1b4b7d4ce (deepak@gmail.com)[39m
2026-01-03 10:02:19 [patient-service] [32minfo[39m: [32mEvent published: PATIENT_DELETED for patientId: 6958988ad2cc9ac1b4b7d4ce[39m
2026-01-03 10:03:04 [patient-service] [32minfo[39m: [32mPatient deleted (inactivated): 6958988ad2cc9ac1b4b7d4ce (deepak@gmail.com)[39m
2026-01-03 10:03:04 [patient-service] [32minfo[39m: [32mEvent published: PATIENT_DELETED for patientId: 6958988ad2cc9ac1b4b7d4ce[39m
2026-01-03 10:03:05 [patient-service] [32minfo[39m: [32mPatient deleted (inactivated): 6958988ad2cc9ac1b4b7d4ce (deepak@gmail.com)[39m
2026-01-03 10:03:05 [patient-service] [32minfo[39m: [32mEvent published: PATIENT_DELETED for patientId: 6958988ad2cc9ac1b4b7d4ce[39m
2026-01-03 10:03:06 [patient-service] [32minfo[39m: [32mPatient deleted (inactivated): 6958988ad2cc9ac1b4b7d4ce (deepak@gmail.com)[39m
2026-01-03 10:03:06 [patient-service] [32minfo[39m: [32mEvent published: PATIENT_DELETED for patientId: 6958988ad2cc9ac1b4b7d4ce[39m
2026-01-03 10:03:07 [patient-service] [32minfo[39m: [32mPatient deleted (inactivated): 6958988ad2cc9ac1b4b7d4ce (deepak@gmail.com)[39m
2026-01-03 10:03:07 [patient-service] [32minfo[39m: [32mEvent published: PATIENT_DELETED for patientId: 6958988ad2cc9ac1b4b7d4ce[39m
2026-01-03 10:07:10 [patient-service] [32minfo[39m: [32mConnected to MongoDB successfully to mongodb://localhost:27017/patient_service_db[39m
2026-01-03 10:07:10 [patient-service] [32minfo[39m: [32mKafka Producer connected[39m
2026-01-03 10:07:10 [patient-service] [32minfo[39m: [32mpatient service running on port 3002[39m
2026-01-03 10:07:10 [patient-service] [32minfo[39m: [32mEnvironment: development[39m
2026-01-03 10:07:10 [patient-service] [32minfo[39m: [32mKafka: localhost:9092[39m
2026-01-03 10:07:12 [patient-service] [32minfo[39m: [32mPatient updated: 6958988ad2cc9ac1b4b7d4ce (deepak@gmail.com)[39m
2026-01-03 10:07:12 [patient-service] [32minfo[39m: [32mEvent published: PATIENT_UPDATED for patientId: 6958988ad2cc9ac1b4b7d4ce[39m
2026-01-03 10:07:54 [patient-service] [32minfo[39m: [32mPatient updated: 6958988ad2cc9ac1b4b7d4ce (deepak@gmail.com)[39m
2026-01-03 10:07:54 [patient-service] [32minfo[39m: [32mEvent published: PATIENT_UPDATED for patientId: 6958988ad2cc9ac1b4b7d4ce[39m
2026-01-03 10:08:02 [patient-service] [32minfo[39m: [32mPatient updated: 6958988ad2cc9ac1b4b7d4ce (deepak@gmail.com)[39m
2026-01-03 10:08:02 [patient-service] [32minfo[39m: [32mEvent published: PATIENT_UPDATED for patientId: 6958988ad2cc9ac1b4b7d4ce[39m
2026-01-03 10:36:38 [patient-service] [33mwarn[39m: [33mMongoDB disconnected[39m
2026-01-03 10:43:54 [patient-service] [33mwarn[39m: [33mMongoDB disconnected[39m
2026-01-03 11:09:24 [patient-service] [32minfo[39m: [32mPatient created: 6958ab8ca21b8e75857bf808 (raju@gmail.com)[39m
2026-01-03 11:09:24 [patient-service] [32minfo[39m: [32mEvent published: PATIENT_CREATED for patientId: 6958ab8ca21b8e75857bf808[39m
2026-01-03 18:31:50 [patient-service] [32minfo[39m: [32mConnected to MongoDB successfully to mongodb://localhost:27017/patient_service_db[39m
2026-01-03 18:31:50 [patient-service] [32minfo[39m: [32mKafka Producer connected[39m
2026-01-03 18:31:50 [patient-service] [32minfo[39m: [32mpatient service running on port 3002[39m
2026-01-03 18:31:50 [patient-service] [32minfo[39m: [32mEnvironment: development[39m
2026-01-03 18:31:50 [patient-service] [32minfo[39m: [32mKafka: localhost:9092[39m
2026-01-03 18:37:05 [patient-service] [32minfo[39m: [32mPatient deleted (inactivated): 6958988ad2cc9ac1b4b7d4ce (deepak@gmail.com)[39m
2026-01-03 18:37:05 [patient-service] [32minfo[39m: [32mEvent published: PATIENT_DELETED for patientId: 6958988ad2cc9ac1b4b7d4ce[39m
2026-01-03 19:00:50 [patient-service] [33mwarn[39m: [33mMongoDB disconnected[39m
2026-01-03 19:02:14 [patient-service] [33mwarn[39m: [33mMongoDB disconnected[39m
2026-01-03 20:55:58 [patient-service] [33mwarn[39m: [33mMongoDB disconnected[39m
2026-01-03 21:28:48 [patient-service] [33mwarn[39m: [33mMongoDB disconnected[39m
2026-01-03 21:51:50 [patient-service] [33mwarn[39m: [33mMongoDB disconnected[39m
2026-01-03 23:00:31 [patient-service] [33mwarn[39m: [33mMongoDB disconnected[39m
2026-01-03 23:34:42 [patient-service] [33mwarn[39m: [33mMongoDB disconnected[39m
2026-01-04 00:23:52 [patient-service] [33mwarn[39m: [33mMongoDB disconnected[39m
2026-01-04 00:45:34 [patient-service] [33mwarn[39m: [33mMongoDB disconnected[39m
2026-01-04 01:35:03 [patient-service] [33mwarn[39m: [33mMongoDB disconnected[39m
2026-01-04 02:07:24 [patient-service] [33mwarn[39m: [33mMongoDB disconnected[39m
2026-01-04 02:38:36 [patient-service] [33mwarn[39m: [33mMongoDB disconnected[39m
2026-01-04 03:14:07 [patient-service] [33mwarn[39m: [33mMongoDB disconnected[39m
2026-01-04 03:57:49 [patient-service] [33mwarn[39m: [33mMongoDB disconnected[39m
2026-01-04 04:23:41 [patient-service] [33mwarn[39m: [33mMongoDB disconnected[39m
2026-01-04 04:39:55 [patient-service] [33mwarn[39m: [33mMongoDB disconnected[39m
2026-01-04 05:14:27 [patient-service] [33mwarn[39m: [33mMongoDB disconnected[39m
2026-01-04 05:46:09 [patient-service] [33mwarn[39m: [33mMongoDB disconnected[39m
2026-01-04 06:18:10 [patient-service] [33mwarn[39m: [33mMongoDB disconnected[39m
2026-01-04 06:24:41 [patient-service] [33mwarn[39m: [33mMongoDB disconnected[39m
2026-01-04 06:42:37 [patient-service] [33mwarn[39m: [33mMongoDB disconnected[39m
2026-01-04 07:25:41 [patient-service] [33mwarn[39m: [33mMongoDB disconnected[39m
2026-01-04 07:58:44 [patient-service] [33mwarn[39m: [33mMongoDB disconnected[39m
2026-01-04 08:26:41 [patient-service] [33mwarn[39m: [33mMongoDB disconnected[39m
2026-01-04 08:42:59 [patient-service] [33mwarn[39m: [33mMongoDB disconnected[39m
2026-01-04 09:14:09 [patient-service] [33mwarn[39m: [33mMongoDB disconnected[39m
2026-01-04 09:46:13 [patient-service] [33mwarn[39m: [33mMongoDB disconnected[39m
2026-01-04 10:17:47 [patient-service] [33mwarn[39m: [33mMongoDB disconnected[39m
2026-01-04 10:45:17 [patient-service] [33mwarn[39m: [33mMongoDB disconnected[39m
2026-01-04 12:27:01 [patient-service] [33mwarn[39m: [33mMongoDB disconnected[39m
2026-01-04 13:38:49 [patient-service] [33mwarn[39m: [33mMongoDB disconnected[39m
2026-01-04 14:41:41 [patient-service] [33mwarn[39m: [33mMongoDB disconnected[39m
2026-01-04 15:28:40 [patient-service] [33mwarn[39m: [33mMongoDB disconnected[39m
2026-01-04 16:01:18 [patient-service] [33mwarn[39m: [33mMongoDB disconnected[39m
2026-01-04 16:23:36 [patient-service] [33mwarn[39m: [33mMongoDB disconnected[39m
2026-01-04 16:42:14 [patient-service] [33mwarn[39m: [33mMongoDB disconnected[39m
2026-01-04 17:24:36 [patient-service] [33mwarn[39m: [33mMongoDB disconnected[39m
2026-01-04 17:40:45 [patient-service] [33mwarn[39m: [33mMongoDB disconnected[39m
2026-01-04 18:14:12 [patient-service] [33mwarn[39m: [33mMongoDB disconnected[39m
2026-01-04 18:35:11 [patient-service] [33mwarn[39m: [33mMongoDB disconnected[39m
2026-01-04 19:09:21 [patient-service] [33mwarn[39m: [33mMongoDB disconnected[39m
2026-01-04 19:44:28 [patient-service] [33mwarn[39m: [33mMongoDB disconnected[39m
2026-01-04 20:22:40 [patient-service] [33mwarn[39m: [33mMongoDB disconnected[39m
2026-01-04 20:54:43 [patient-service] [33mwarn[39m: [33mMongoDB disconnected[39m
2026-01-04 21:26:47 [patient-service] [33mwarn[39m: [33mMongoDB disconnected[39m
2026-01-04 21:57:51 [patient-service] [33mwarn[39m: [33mMongoDB disconnected[39m
2026-01-04 22:20:40 [patient-service] [33mwarn[39m: [33mMongoDB disconnected[39m
2026-01-04 23:05:49 [patient-service] [33mwarn[39m: [33mMongoDB disconnected[39m
2026-01-04 23:23:57 [patient-service] [33mwarn[39m: [33mMongoDB disconnected[39m
2026-01-04 23:56:15 [patient-service] [33mwarn[39m: [33mMongoDB disconnected[39m
2026-01-05 00:22:52 [patient-service] [33mwarn[39m: [33mMongoDB disconnected[39m
2026-01-05 01:14:13 [patient-service] [33mwarn[39m: [33mMongoDB disconnected[39m
2026-01-05 01:46:23 [patient-service] [33mwarn[39m: [33mMongoDB disconnected[39m
2026-01-05 02:20:18 [patient-service] [33mwarn[39m: [33mMongoDB disconnected[39m
2026-01-05 02:53:50 [patient-service] [33mwarn[39m: [33mMongoDB disconnected[39m
2026-01-05 03:27:38 [patient-service] [33mwarn[39m: [33mMongoDB disconnected[39m
2026-01-05 04:00:20 [patient-service] [33mwarn[39m: [33mMongoDB disconnected[39m
2026-01-05 04:02:35 [patient-service] [33mwarn[39m: [33mMongoDB disconnected[39m
2026-01-05 04:20:42 [patient-service] [33mwarn[39m: [33mMongoDB disconnected[39m
2026-01-05 04:54:37 [patient-service] [33mwarn[39m: [33mMongoDB disconnected[39m
2026-01-05 05:23:47 [patient-service] [33mwarn[39m: [33mMongoDB disconnected[39m
2026-01-05 05:56:28 [patient-service] [33mwarn[39m: [33mMongoDB disconnected[39m
2026-01-05 06:20:47 [patient-service] [33mwarn[39m: [33mMongoDB disconnected[39m
2026-01-05 06:54:09 [patient-service] [33mwarn[39m: [33mMongoDB disconnected[39m
2026-01-05 07:22:14 [patient-service] [33mwarn[39m: [33mMongoDB disconnected[39m
2026-01-05 08:05:35 [patient-service] [33mwarn[39m: [33mMongoDB disconnected[39m
2026-01-05 08:23:05 [patient-service] [33mwarn[39m: [33mMongoDB disconnected[39m
2026-01-05 09:03:19 [patient-service] [33mwarn[39m: [33mMongoDB disconnected[39m
2026-01-05 09:13:16 [patient-service] [33mwarn[39m: [33mMongoDB disconnected[39m
